<?xml version="1.0" encoding="UTF-8"?>
<testng-results ignored="0" total="1" passed="1" failed="0" skipped="0">
  <reporter-output>
  </reporter-output>
  <suite started-at="2026-05-05T23:15:07 IST" name="Command line suite" finished-at="2026-05-05T23:15:07 IST" duration-ms="14">
    <groups>
    </groups>
    <test started-at="2026-05-05T23:15:07 IST" name="Command line test" finished-at="2026-05-05T23:15:07 IST" duration-ms="14">
      <class name="com.sele.tests.Test">
        <test-method signature="sampleTest()[pri:0, instance:com.sele.tests.Test@6107227e]" started-at="2026-05-05T23:15:07 IST" name="sampleTest" finished-at="2026-05-05T23:15:07 IST" duration-ms="2" status="PASS">
          <reporter-output>
          </reporter-output>
        </test-method> <!-- sampleTest -->
      </class> <!-- com.sele.tests.Test -->
    </test> <!-- Command line test -->
  </suite> <!-- Command line suite -->
</testng-results>
